<?xml version="1.0" encoding="UTF-8"?>
<testsuite name="be.kuleuven.csa.domain.csaRepositoryJpaImplTest" tests="15" skipped="0" failures="0" errors="0" timestamp="2020-12-27T20:35:55" hostname="ALFHEIM" time="24.518">
  <properties/>
  <testcase name="persistKlant_NoError" classname="be.kuleuven.csa.domain.csaRepositoryJpaImplTest" time="4.844"/>
  <testcase name="persistHaaltAfObject_NoError" classname="be.kuleuven.csa.domain.csaRepositoryJpaImplTest" time="1.743"/>
  <testcase name="persistProduct_NoError" classname="be.kuleuven.csa.domain.csaRepositoryJpaImplTest" time="1.43"/>
  <testcase name="persistBehoortTotObject_NoError" classname="be.kuleuven.csa.domain.csaRepositoryJpaImplTest" time="1.356"/>
  <testcase name="persistBoerderij_NoError" classname="be.kuleuven.csa.domain.csaRepositoryJpaImplTest" time="1.267"/>
  <testcase name="getBoerderij_4" classname="be.kuleuven.csa.domain.csaRepositoryJpaImplTest" time="1.677"/>
  <testcase name="persistPakketInhoud_NoError" classname="be.kuleuven.csa.domain.csaRepositoryJpaImplTest" time="1.283"/>
  <testcase name="getBoerderijByName_Geeritshof_1" classname="be.kuleuven.csa.domain.csaRepositoryJpaImplTest" time="1.271"/>
  <testcase name="persistKooptObject_NoError" classname="be.kuleuven.csa.domain.csaRepositoryJpaImplTest" time="1.358"/>
  <testcase name="persistBevatObject_NoError" classname="be.kuleuven.csa.domain.csaRepositoryJpaImplTest" time="1.7"/>
  <testcase name="persistPakketbeschrijving_NoError" classname="be.kuleuven.csa.domain.csaRepositoryJpaImplTest" time="1.484"/>
  <testcase name="saveObjectToDb_TestBoerderij_emailNameShouldBe_testEmail" classname="be.kuleuven.csa.domain.csaRepositoryJpaImplTest" time="1.36"/>
  <testcase name="persistVerkooptObject_NoError" classname="be.kuleuven.csa.domain.csaRepositoryJpaImplTest" time="1.278"/>
  <testcase name="exceptionTestExample" classname="be.kuleuven.csa.domain.csaRepositoryJpaImplTest" time="1.295"/>
  <testcase name="getBoerderijByName_NameUnknown_ReturnsEmptyList" classname="be.kuleuven.csa.domain.csaRepositoryJpaImplTest" time="1.169"/>
  <system-out><![CDATA[Initialising database Bootstrapping JPA/Hibernate...
Bootstrapping Repository...
csa.db deleted
Initialising database Bootstrapping JPA/Hibernate...
Bootstrapping Repository...
csa.db deleted
Initialising database Bootstrapping JPA/Hibernate...
Bootstrapping Repository...
csa.db deleted
Initialising database Bootstrapping JPA/Hibernate...
Bootstrapping Repository...
csa.db deleted
Initialising database Bootstrapping JPA/Hibernate...
Bootstrapping Repository...
csa.db deleted
Initialising database Bootstrapping JPA/Hibernate...
Bootstrapping Repository...
csa.db deleted
Initialising database Bootstrapping JPA/Hibernate...
Bootstrapping Repository...
csa.db deleted
Initialising database Bootstrapping JPA/Hibernate...
Bootstrapping Repository...
csa.db deleted
Initialising database Bootstrapping JPA/Hibernate...
Bootstrapping Repository...
csa.db deleted
Initialising database Bootstrapping JPA/Hibernate...
Bootstrapping Repository...
csa.db deleted
Initialising database Bootstrapping JPA/Hibernate...
Bootstrapping Repository...
csa.db deleted
Initialising database Bootstrapping JPA/Hibernate...
Bootstrapping Repository...
csa.db deleted
Initialising database Bootstrapping JPA/Hibernate...
Bootstrapping Repository...
csa.db deleted
Initialising database Bootstrapping JPA/Hibernate...
Bootstrapping Repository...
csa.db deleted
Initialising database Bootstrapping JPA/Hibernate...
Bootstrapping Repository...
csa.db deleted
]]></system-out>
  <system-err><![CDATA[Dec 27, 2020 9:35:55 PM org.hibernate.jpa.internal.util.LogHelper logPersistenceUnitInformation
INFO: HHH000204: Processing PersistenceUnitInfo [name: be.kuleuven.csa.domain]
Dec 27, 2020 9:35:55 PM org.hibernate.Version logVersion
INFO: HHH000412: Hibernate ORM core version 5.4.23.Final
Dec 27, 2020 9:35:56 PM org.hibernate.annotations.common.reflection.java.JavaReflectionManager <clinit>
INFO: HCANN000001: Hibernate Commons Annotations {5.1.2.Final}
Dec 27, 2020 9:35:56 PM org.hibernate.dialect.Dialect <init>
INFO: HHH000400: Using dialect: org.hibernate.dialect.SQLiteDialect
Dec 27, 2020 9:35:56 PM org.hibernate.engine.jdbc.connections.internal.DriverManagerConnectionProviderImpl configure
WARN: HHH10001002: Using Hibernate built-in connection pool (not for production use!)
Dec 27, 2020 9:35:56 PM org.hibernate.engine.jdbc.connections.internal.DriverManagerConnectionProviderImpl buildCreator
INFO: HHH10001005: using driver [org.sqlite.JDBC] at URL [jdbc:sqlite:csa.db]
Dec 27, 2020 9:35:56 PM org.hibernate.engine.jdbc.connections.internal.DriverManagerConnectionProviderImpl buildCreator
INFO: HHH10001001: Connection properties: {password=****, autocommit=true, user=}
Dec 27, 2020 9:35:56 PM org.hibernate.engine.jdbc.connections.internal.DriverManagerConnectionProviderImpl buildCreator
INFO: HHH10001003: Autocommit mode: true
Dec 27, 2020 9:35:56 PM org.hibernate.engine.jdbc.connections.internal.DriverManagerConnectionProviderImpl$PooledConnections <init>
INFO: HHH000115: Hibernate connection pool size: 20 (min=1)
Dec 27, 2020 9:35:56 PM org.hibernate.dialect.Dialect <init>
INFO: HHH000400: Using dialect: org.hibernate.dialect.SQLiteDialect
Dec 27, 2020 9:35:57 PM org.hibernate.tuple.PojoInstantiator <init>
INFO: HHH000182: No default (no-argument) constructor for class: be.kuleuven.csa.domain.Bevat (class must be instantiated by Interceptor)
Dec 27, 2020 9:35:57 PM org.hibernate.tuple.PojoInstantiator <init>
INFO: HHH000182: No default (no-argument) constructor for class: be.kuleuven.csa.domain.Pakketbeschrijving (class must be instantiated by Interceptor)
Dec 27, 2020 9:35:57 PM org.hibernate.tuple.PojoInstantiator <init>
INFO: HHH000182: No default (no-argument) constructor for class: be.kuleuven.csa.domain.Koopt (class must be instantiated by Interceptor)
Dec 27, 2020 9:35:57 PM org.hibernate.tuple.PojoInstantiator <init>
INFO: HHH000182: No default (no-argument) constructor for class: be.kuleuven.csa.domain.HaaltAf (class must be instantiated by Interceptor)
Dec 27, 2020 9:35:57 PM org.hibernate.tuple.PojoInstantiator <init>
INFO: HHH000182: No default (no-argument) constructor for class: be.kuleuven.csa.domain.PakketInhoud (class must be instantiated by Interceptor)
Dec 27, 2020 9:35:57 PM org.hibernate.tuple.PojoInstantiator <init>
INFO: HHH000182: No default (no-argument) constructor for class: be.kuleuven.csa.domain.BehoortTot (class must be instantiated by Interceptor)
Dec 27, 2020 9:35:57 PM org.hibernate.tuple.PojoInstantiator <init>
INFO: HHH000182: No default (no-argument) constructor for class: be.kuleuven.csa.domain.Verkoopt (class must be instantiated by Interceptor)
Dec 27, 2020 9:35:58 PM org.hibernate.engine.transaction.jta.platform.internal.JtaPlatformInitiator initiateService
INFO: HHH000490: Using JtaPlatform implementation: [org.hibernate.engine.transaction.jta.platform.internal.NoJtaPlatform]
Dec 27, 2020 9:36:00 PM org.hibernate.engine.jdbc.connections.internal.DriverManagerConnectionProviderImpl$PoolState stop
INFO: HHH10001008: Cleaning up connection pool [jdbc:sqlite:csa.db]
Dec 27, 2020 9:36:00 PM org.hibernate.jpa.internal.util.LogHelper logPersistenceUnitInformation
INFO: HHH000204: Processing PersistenceUnitInfo [name: be.kuleuven.csa.domain]
Dec 27, 2020 9:36:00 PM org.hibernate.engine.jdbc.connections.internal.DriverManagerConnectionProviderImpl configure
WARN: HHH10001002: Using Hibernate built-in connection pool (not for production use!)
Dec 27, 2020 9:36:00 PM org.hibernate.engine.jdbc.connections.internal.DriverManagerConnectionProviderImpl buildCreator
INFO: HHH10001005: using driver [org.sqlite.JDBC] at URL [jdbc:sqlite:csa.db]
Dec 27, 2020 9:36:00 PM org.hibernate.engine.jdbc.connections.internal.DriverManagerConnectionProviderImpl buildCreator
INFO: HHH10001001: Connection properties: {password=****, autocommit=true, user=}
Dec 27, 2020 9:36:00 PM org.hibernate.engine.jdbc.connections.internal.DriverManagerConnectionProviderImpl buildCreator
INFO: HHH10001003: Autocommit mode: true
Dec 27, 2020 9:36:00 PM org.hibernate.engine.jdbc.connections.internal.DriverManagerConnectionProviderImpl$PooledConnections <init>
INFO: HHH000115: Hibernate connection pool size: 20 (min=1)
Dec 27, 2020 9:36:00 PM org.hibernate.dialect.Dialect <init>
INFO: HHH000400: Using dialect: org.hibernate.dialect.SQLiteDialect
Dec 27, 2020 9:36:00 PM org.hibernate.tuple.PojoInstantiator <init>
INFO: HHH000182: No default (no-argument) constructor for class: be.kuleuven.csa.domain.Bevat (class must be instantiated by Interceptor)
Dec 27, 2020 9:36:00 PM org.hibernate.tuple.PojoInstantiator <init>
INFO: HHH000182: No default (no-argument) constructor for class: be.kuleuven.csa.domain.Pakketbeschrijving (class must be instantiated by Interceptor)
Dec 27, 2020 9:36:00 PM org.hibernate.tuple.PojoInstantiator <init>
INFO: HHH000182: No default (no-argument) constructor for class: be.kuleuven.csa.domain.Koopt (class must be instantiated by Interceptor)
Dec 27, 2020 9:36:00 PM org.hibernate.tuple.PojoInstantiator <init>
INFO: HHH000182: No default (no-argument) constructor for class: be.kuleuven.csa.domain.HaaltAf (class must be instantiated by Interceptor)
Dec 27, 2020 9:36:00 PM org.hibernate.tuple.PojoInstantiator <init>
INFO: HHH000182: No default (no-argument) constructor for class: be.kuleuven.csa.domain.PakketInhoud (class must be instantiated by Interceptor)
Dec 27, 2020 9:36:00 PM org.hibernate.tuple.PojoInstantiator <init>
INFO: HHH000182: No default (no-argument) constructor for class: be.kuleuven.csa.domain.BehoortTot (class must be instantiated by Interceptor)
Dec 27, 2020 9:36:00 PM org.hibernate.tuple.PojoInstantiator <init>
INFO: HHH000182: No default (no-argument) constructor for class: be.kuleuven.csa.domain.Verkoopt (class must be instantiated by Interceptor)
Dec 27, 2020 9:36:00 PM org.hibernate.engine.transaction.jta.platform.internal.JtaPlatformInitiator initiateService
INFO: HHH000490: Using JtaPlatform implementation: [org.hibernate.engine.transaction.jta.platform.internal.NoJtaPlatform]
Dec 27, 2020 9:36:01 PM org.hibernate.engine.jdbc.connections.internal.DriverManagerConnectionProviderImpl$PoolState stop
INFO: HHH10001008: Cleaning up connection pool [jdbc:sqlite:csa.db]
Dec 27, 2020 9:36:01 PM org.hibernate.jpa.internal.util.LogHelper logPersistenceUnitInformation
INFO: HHH000204: Processing PersistenceUnitInfo [name: be.kuleuven.csa.domain]
Dec 27, 2020 9:36:01 PM org.hibernate.engine.jdbc.connections.internal.DriverManagerConnectionProviderImpl configure
WARN: HHH10001002: Using Hibernate built-in connection pool (not for production use!)
Dec 27, 2020 9:36:01 PM org.hibernate.engine.jdbc.connections.internal.DriverManagerConnectionProviderImpl buildCreator
INFO: HHH10001005: using driver [org.sqlite.JDBC] at URL [jdbc:sqlite:csa.db]
Dec 27, 2020 9:36:01 PM org.hibernate.engine.jdbc.connections.internal.DriverManagerConnectionProviderImpl buildCreator
INFO: HHH10001001: Connection properties: {password=****, autocommit=true, user=}
Dec 27, 2020 9:36:01 PM org.hibernate.engine.jdbc.connections.internal.DriverManagerConnectionProviderImpl buildCreator
INFO: HHH10001003: Autocommit mode: true
Dec 27, 2020 9:36:01 PM org.hibernate.engine.jdbc.connections.internal.DriverManagerConnectionProviderImpl$PooledConnections <init>
INFO: HHH000115: Hibernate connection pool size: 20 (min=1)
Dec 27, 2020 9:36:01 PM org.hibernate.dialect.Dialect <init>
INFO: HHH000400: Using dialect: org.hibernate.dialect.SQLiteDialect
Dec 27, 2020 9:36:01 PM org.hibernate.tuple.PojoInstantiator <init>
INFO: HHH000182: No default (no-argument) constructor for class: be.kuleuven.csa.domain.Bevat (class must be instantiated by Interceptor)
Dec 27, 2020 9:36:01 PM org.hibernate.tuple.PojoInstantiator <init>
INFO: HHH000182: No default (no-argument) constructor for class: be.kuleuven.csa.domain.Pakketbeschrijving (class must be instantiated by Interceptor)
Dec 27, 2020 9:36:01 PM org.hibernate.tuple.PojoInstantiator <init>
INFO: HHH000182: No default (no-argument) constructor for class: be.kuleuven.csa.domain.Koopt (class must be instantiated by Interceptor)
Dec 27, 2020 9:36:01 PM org.hibernate.tuple.PojoInstantiator <init>
INFO: HHH000182: No default (no-argument) constructor for class: be.kuleuven.csa.domain.HaaltAf (class must be instantiated by Interceptor)
Dec 27, 2020 9:36:01 PM org.hibernate.tuple.PojoInstantiator <init>
INFO: HHH000182: No default (no-argument) constructor for class: be.kuleuven.csa.domain.PakketInhoud (class must be instantiated by Interceptor)
Dec 27, 2020 9:36:01 PM org.hibernate.tuple.PojoInstantiator <init>
INFO: HHH000182: No default (no-argument) constructor for class: be.kuleuven.csa.domain.BehoortTot (class must be instantiated by Interceptor)
Dec 27, 2020 9:36:01 PM org.hibernate.tuple.PojoInstantiator <init>
INFO: HHH000182: No default (no-argument) constructor for class: be.kuleuven.csa.domain.Verkoopt (class must be instantiated by Interceptor)
Dec 27, 2020 9:36:02 PM org.hibernate.engine.transaction.jta.platform.internal.JtaPlatformInitiator initiateService
INFO: HHH000490: Using JtaPlatform implementation: [org.hibernate.engine.transaction.jta.platform.internal.NoJtaPlatform]
Dec 27, 2020 9:36:03 PM org.hibernate.engine.jdbc.connections.internal.DriverManagerConnectionProviderImpl$PoolState stop
INFO: HHH10001008: Cleaning up connection pool [jdbc:sqlite:csa.db]
Dec 27, 2020 9:36:03 PM org.hibernate.jpa.internal.util.LogHelper logPersistenceUnitInformation
INFO: HHH000204: Processing PersistenceUnitInfo [name: be.kuleuven.csa.domain]
Dec 27, 2020 9:36:03 PM org.hibernate.engine.jdbc.connections.internal.DriverManagerConnectionProviderImpl configure
WARN: HHH10001002: Using Hibernate built-in connection pool (not for production use!)
Dec 27, 2020 9:36:03 PM org.hibernate.engine.jdbc.connections.internal.DriverManagerConnectionProviderImpl buildCreator
INFO: HHH10001005: using driver [org.sqlite.JDBC] at URL [jdbc:sqlite:csa.db]
Dec 27, 2020 9:36:03 PM org.hibernate.engine.jdbc.connections.internal.DriverManagerConnectionProviderImpl buildCreator
INFO: HHH10001001: Connection properties: {password=****, autocommit=true, user=}
Dec 27, 2020 9:36:03 PM org.hibernate.engine.jdbc.connections.internal.DriverManagerConnectionProviderImpl buildCreator
INFO: HHH10001003: Autocommit mode: true
Dec 27, 2020 9:36:03 PM org.hibernate.engine.jdbc.connections.internal.DriverManagerConnectionProviderImpl$PooledConnections <init>
INFO: HHH000115: Hibernate connection pool size: 20 (min=1)
Dec 27, 2020 9:36:03 PM org.hibernate.dialect.Dialect <init>
INFO: HHH000400: Using dialect: org.hibernate.dialect.SQLiteDialect
Dec 27, 2020 9:36:03 PM org.hibernate.tuple.PojoInstantiator <init>
INFO: HHH000182: No default (no-argument) constructor for class: be.kuleuven.csa.domain.Bevat (class must be instantiated by Interceptor)
Dec 27, 2020 9:36:03 PM org.hibernate.tuple.PojoInstantiator <init>
INFO: HHH000182: No default (no-argument) constructor for class: be.kuleuven.csa.domain.Pakketbeschrijving (class must be instantiated by Interceptor)
Dec 27, 2020 9:36:03 PM org.hibernate.tuple.PojoInstantiator <init>
INFO: HHH000182: No default (no-argument) constructor for class: be.kuleuven.csa.domain.Koopt (class must be instantiated by Interceptor)
Dec 27, 2020 9:36:03 PM org.hibernate.tuple.PojoInstantiator <init>
INFO: HHH000182: No default (no-argument) constructor for class: be.kuleuven.csa.domain.HaaltAf (class must be instantiated by Interceptor)
Dec 27, 2020 9:36:03 PM org.hibernate.tuple.PojoInstantiator <init>
INFO: HHH000182: No default (no-argument) constructor for class: be.kuleuven.csa.domain.PakketInhoud (class must be instantiated by Interceptor)
Dec 27, 2020 9:36:03 PM org.hibernate.tuple.PojoInstantiator <init>
INFO: HHH000182: No default (no-argument) constructor for class: be.kuleuven.csa.domain.BehoortTot (class must be instantiated by Interceptor)
Dec 27, 2020 9:36:03 PM org.hibernate.tuple.PojoInstantiator <init>
INFO: HHH000182: No default (no-argument) constructor for class: be.kuleuven.csa.domain.Verkoopt (class must be instantiated by Interceptor)
Dec 27, 2020 9:36:03 PM org.hibernate.engine.transaction.jta.platform.internal.JtaPlatformInitiator initiateService
INFO: HHH000490: Using JtaPlatform implementation: [org.hibernate.engine.transaction.jta.platform.internal.NoJtaPlatform]
Dec 27, 2020 9:36:04 PM org.hibernate.engine.jdbc.connections.internal.DriverManagerConnectionProviderImpl$PoolState stop
INFO: HHH10001008: Cleaning up connection pool [jdbc:sqlite:csa.db]
Dec 27, 2020 9:36:04 PM org.hibernate.jpa.internal.util.LogHelper logPersistenceUnitInformation
INFO: HHH000204: Processing PersistenceUnitInfo [name: be.kuleuven.csa.domain]
Dec 27, 2020 9:36:04 PM org.hibernate.engine.jdbc.connections.internal.DriverManagerConnectionProviderImpl configure
WARN: HHH10001002: Using Hibernate built-in connection pool (not for production use!)
Dec 27, 2020 9:36:04 PM org.hibernate.engine.jdbc.connections.internal.DriverManagerConnectionProviderImpl buildCreator
INFO: HHH10001005: using driver [org.sqlite.JDBC] at URL [jdbc:sqlite:csa.db]
Dec 27, 2020 9:36:04 PM org.hibernate.engine.jdbc.connections.internal.DriverManagerConnectionProviderImpl buildCreator
INFO: HHH10001001: Connection properties: {password=****, autocommit=true, user=}
Dec 27, 2020 9:36:04 PM org.hibernate.engine.jdbc.connections.internal.DriverManagerConnectionProviderImpl buildCreator
INFO: HHH10001003: Autocommit mode: true
Dec 27, 2020 9:36:04 PM org.hibernate.engine.jdbc.connections.internal.DriverManagerConnectionProviderImpl$PooledConnections <init>
INFO: HHH000115: Hibernate connection pool size: 20 (min=1)
Dec 27, 2020 9:36:04 PM org.hibernate.dialect.Dialect <init>
INFO: HHH000400: Using dialect: org.hibernate.dialect.SQLiteDialect
Dec 27, 2020 9:36:04 PM org.hibernate.tuple.PojoInstantiator <init>
INFO: HHH000182: No default (no-argument) constructor for class: be.kuleuven.csa.domain.Bevat (class must be instantiated by Interceptor)
Dec 27, 2020 9:36:04 PM org.hibernate.tuple.PojoInstantiator <init>
INFO: HHH000182: No default (no-argument) constructor for class: be.kuleuven.csa.domain.Pakketbeschrijving (class must be instantiated by Interceptor)
Dec 27, 2020 9:36:04 PM org.hibernate.tuple.PojoInstantiator <init>
INFO: HHH000182: No default (no-argument) constructor for class: be.kuleuven.csa.domain.Koopt (class must be instantiated by Interceptor)
Dec 27, 2020 9:36:04 PM org.hibernate.tuple.PojoInstantiator <init>
INFO: HHH000182: No default (no-argument) constructor for class: be.kuleuven.csa.domain.HaaltAf (class must be instantiated by Interceptor)
Dec 27, 2020 9:36:04 PM org.hibernate.tuple.PojoInstantiator <init>
INFO: HHH000182: No default (no-argument) constructor for class: be.kuleuven.csa.domain.PakketInhoud (class must be instantiated by Interceptor)
Dec 27, 2020 9:36:04 PM org.hibernate.tuple.PojoInstantiator <init>
INFO: HHH000182: No default (no-argument) constructor for class: be.kuleuven.csa.domain.BehoortTot (class must be instantiated by Interceptor)
Dec 27, 2020 9:36:04 PM org.hibernate.tuple.PojoInstantiator <init>
INFO: HHH000182: No default (no-argument) constructor for class: be.kuleuven.csa.domain.Verkoopt (class must be instantiated by Interceptor)
Dec 27, 2020 9:36:04 PM org.hibernate.engine.transaction.jta.platform.internal.JtaPlatformInitiator initiateService
INFO: HHH000490: Using JtaPlatform implementation: [org.hibernate.engine.transaction.jta.platform.internal.NoJtaPlatform]
Dec 27, 2020 9:36:05 PM org.hibernate.engine.jdbc.connections.internal.DriverManagerConnectionProviderImpl$PoolState stop
INFO: HHH10001008: Cleaning up connection pool [jdbc:sqlite:csa.db]
Dec 27, 2020 9:36:05 PM org.hibernate.jpa.internal.util.LogHelper logPersistenceUnitInformation
INFO: HHH000204: Processing PersistenceUnitInfo [name: be.kuleuven.csa.domain]
Dec 27, 2020 9:36:05 PM org.hibernate.engine.jdbc.connections.internal.DriverManagerConnectionProviderImpl configure
WARN: HHH10001002: Using Hibernate built-in connection pool (not for production use!)
Dec 27, 2020 9:36:05 PM org.hibernate.engine.jdbc.connections.internal.DriverManagerConnectionProviderImpl buildCreator
INFO: HHH10001005: using driver [org.sqlite.JDBC] at URL [jdbc:sqlite:csa.db]
Dec 27, 2020 9:36:05 PM org.hibernate.engine.jdbc.connections.internal.DriverManagerConnectionProviderImpl buildCreator
INFO: HHH10001001: Connection properties: {password=****, autocommit=true, user=}
Dec 27, 2020 9:36:05 PM org.hibernate.engine.jdbc.connections.internal.DriverManagerConnectionProviderImpl buildCreator
INFO: HHH10001003: Autocommit mode: true
Dec 27, 2020 9:36:05 PM org.hibernate.engine.jdbc.connections.internal.DriverManagerConnectionProviderImpl$PooledConnections <init>
INFO: HHH000115: Hibernate connection pool size: 20 (min=1)
Dec 27, 2020 9:36:05 PM org.hibernate.dialect.Dialect <init>
INFO: HHH000400: Using dialect: org.hibernate.dialect.SQLiteDialect
Dec 27, 2020 9:36:05 PM org.hibernate.tuple.PojoInstantiator <init>
INFO: HHH000182: No default (no-argument) constructor for class: be.kuleuven.csa.domain.Bevat (class must be instantiated by Interceptor)
Dec 27, 2020 9:36:05 PM org.hibernate.tuple.PojoInstantiator <init>
INFO: HHH000182: No default (no-argument) constructor for class: be.kuleuven.csa.domain.Pakketbeschrijving (class must be instantiated by Interceptor)
Dec 27, 2020 9:36:05 PM org.hibernate.tuple.PojoInstantiator <init>
INFO: HHH000182: No default (no-argument) constructor for class: be.kuleuven.csa.domain.Koopt (class must be instantiated by Interceptor)
Dec 27, 2020 9:36:05 PM org.hibernate.tuple.PojoInstantiator <init>
INFO: HHH000182: No default (no-argument) constructor for class: be.kuleuven.csa.domain.HaaltAf (class must be instantiated by Interceptor)
Dec 27, 2020 9:36:05 PM org.hibernate.tuple.PojoInstantiator <init>
INFO: HHH000182: No default (no-argument) constructor for class: be.kuleuven.csa.domain.PakketInhoud (class must be instantiated by Interceptor)
Dec 27, 2020 9:36:05 PM org.hibernate.tuple.PojoInstantiator <init>
INFO: HHH000182: No default (no-argument) constructor for class: be.kuleuven.csa.domain.BehoortTot (class must be instantiated by Interceptor)
Dec 27, 2020 9:36:05 PM org.hibernate.tuple.PojoInstantiator <init>
INFO: HHH000182: No default (no-argument) constructor for class: be.kuleuven.csa.domain.Verkoopt (class must be instantiated by Interceptor)
Dec 27, 2020 9:36:06 PM org.hibernate.engine.transaction.jta.platform.internal.JtaPlatformInitiator initiateService
INFO: HHH000490: Using JtaPlatform implementation: [org.hibernate.engine.transaction.jta.platform.internal.NoJtaPlatform]
Dec 27, 2020 9:36:07 PM org.hibernate.engine.jdbc.connections.internal.DriverManagerConnectionProviderImpl$PoolState stop
INFO: HHH10001008: Cleaning up connection pool [jdbc:sqlite:csa.db]
Dec 27, 2020 9:36:07 PM org.hibernate.jpa.internal.util.LogHelper logPersistenceUnitInformation
INFO: HHH000204: Processing PersistenceUnitInfo [name: be.kuleuven.csa.domain]
Dec 27, 2020 9:36:07 PM org.hibernate.engine.jdbc.connections.internal.DriverManagerConnectionProviderImpl configure
WARN: HHH10001002: Using Hibernate built-in connection pool (not for production use!)
Dec 27, 2020 9:36:07 PM org.hibernate.engine.jdbc.connections.internal.DriverManagerConnectionProviderImpl buildCreator
INFO: HHH10001005: using driver [org.sqlite.JDBC] at URL [jdbc:sqlite:csa.db]
Dec 27, 2020 9:36:07 PM org.hibernate.engine.jdbc.connections.internal.DriverManagerConnectionProviderImpl buildCreator
INFO: HHH10001001: Connection properties: {password=****, autocommit=true, user=}
Dec 27, 2020 9:36:07 PM org.hibernate.engine.jdbc.connections.internal.DriverManagerConnectionProviderImpl buildCreator
INFO: HHH10001003: Autocommit mode: true
Dec 27, 2020 9:36:07 PM org.hibernate.engine.jdbc.connections.internal.DriverManagerConnectionProviderImpl$PooledConnections <init>
INFO: HHH000115: Hibernate connection pool size: 20 (min=1)
Dec 27, 2020 9:36:07 PM org.hibernate.dialect.Dialect <init>
INFO: HHH000400: Using dialect: org.hibernate.dialect.SQLiteDialect
Dec 27, 2020 9:36:07 PM org.hibernate.tuple.PojoInstantiator <init>
INFO: HHH000182: No default (no-argument) constructor for class: be.kuleuven.csa.domain.Bevat (class must be instantiated by Interceptor)
Dec 27, 2020 9:36:07 PM org.hibernate.tuple.PojoInstantiator <init>
INFO: HHH000182: No default (no-argument) constructor for class: be.kuleuven.csa.domain.Pakketbeschrijving (class must be instantiated by Interceptor)
Dec 27, 2020 9:36:07 PM org.hibernate.tuple.PojoInstantiator <init>
INFO: HHH000182: No default (no-argument) constructor for class: be.kuleuven.csa.domain.Koopt (class must be instantiated by Interceptor)
Dec 27, 2020 9:36:07 PM org.hibernate.tuple.PojoInstantiator <init>
INFO: HHH000182: No default (no-argument) constructor for class: be.kuleuven.csa.domain.HaaltAf (class must be instantiated by Interceptor)
Dec 27, 2020 9:36:07 PM org.hibernate.tuple.PojoInstantiator <init>
INFO: HHH000182: No default (no-argument) constructor for class: be.kuleuven.csa.domain.PakketInhoud (class must be instantiated by Interceptor)
Dec 27, 2020 9:36:07 PM org.hibernate.tuple.PojoInstantiator <init>
INFO: HHH000182: No default (no-argument) constructor for class: be.kuleuven.csa.domain.BehoortTot (class must be instantiated by Interceptor)
Dec 27, 2020 9:36:07 PM org.hibernate.tuple.PojoInstantiator <init>
INFO: HHH000182: No default (no-argument) constructor for class: be.kuleuven.csa.domain.Verkoopt (class must be instantiated by Interceptor)
Dec 27, 2020 9:36:07 PM org.hibernate.engine.transaction.jta.platform.internal.JtaPlatformInitiator initiateService
INFO: HHH000490: Using JtaPlatform implementation: [org.hibernate.engine.transaction.jta.platform.internal.NoJtaPlatform]
Dec 27, 2020 9:36:08 PM org.hibernate.engine.jdbc.connections.internal.DriverManagerConnectionProviderImpl$PoolState stop
INFO: HHH10001008: Cleaning up connection pool [jdbc:sqlite:csa.db]
Dec 27, 2020 9:36:08 PM org.hibernate.jpa.internal.util.LogHelper logPersistenceUnitInformation
INFO: HHH000204: Processing PersistenceUnitInfo [name: be.kuleuven.csa.domain]
Dec 27, 2020 9:36:08 PM org.hibernate.engine.jdbc.connections.internal.DriverManagerConnectionProviderImpl configure
WARN: HHH10001002: Using Hibernate built-in connection pool (not for production use!)
Dec 27, 2020 9:36:08 PM org.hibernate.engine.jdbc.connections.internal.DriverManagerConnectionProviderImpl buildCreator
INFO: HHH10001005: using driver [org.sqlite.JDBC] at URL [jdbc:sqlite:csa.db]
Dec 27, 2020 9:36:08 PM org.hibernate.engine.jdbc.connections.internal.DriverManagerConnectionProviderImpl buildCreator
INFO: HHH10001001: Connection properties: {password=****, autocommit=true, user=}
Dec 27, 2020 9:36:08 PM org.hibernate.engine.jdbc.connections.internal.DriverManagerConnectionProviderImpl buildCreator
INFO: HHH10001003: Autocommit mode: true
Dec 27, 2020 9:36:08 PM org.hibernate.engine.jdbc.connections.internal.DriverManagerConnectionProviderImpl$PooledConnections <init>
INFO: HHH000115: Hibernate connection pool size: 20 (min=1)
Dec 27, 2020 9:36:08 PM org.hibernate.dialect.Dialect <init>
INFO: HHH000400: Using dialect: org.hibernate.dialect.SQLiteDialect
Dec 27, 2020 9:36:08 PM org.hibernate.tuple.PojoInstantiator <init>
INFO: HHH000182: No default (no-argument) constructor for class: be.kuleuven.csa.domain.Bevat (class must be instantiated by Interceptor)
Dec 27, 2020 9:36:08 PM org.hibernate.tuple.PojoInstantiator <init>
INFO: HHH000182: No default (no-argument) constructor for class: be.kuleuven.csa.domain.Pakketbeschrijving (class must be instantiated by Interceptor)
Dec 27, 2020 9:36:08 PM org.hibernate.tuple.PojoInstantiator <init>
INFO: HHH000182: No default (no-argument) constructor for class: be.kuleuven.csa.domain.Koopt (class must be instantiated by Interceptor)
Dec 27, 2020 9:36:08 PM org.hibernate.tuple.PojoInstantiator <init>
INFO: HHH000182: No default (no-argument) constructor for class: be.kuleuven.csa.domain.HaaltAf (class must be instantiated by Interceptor)
Dec 27, 2020 9:36:08 PM org.hibernate.tuple.PojoInstantiator <init>
INFO: HHH000182: No default (no-argument) constructor for class: be.kuleuven.csa.domain.PakketInhoud (class must be instantiated by Interceptor)
Dec 27, 2020 9:36:08 PM org.hibernate.tuple.PojoInstantiator <init>
INFO: HHH000182: No default (no-argument) constructor for class: be.kuleuven.csa.domain.BehoortTot (class must be instantiated by Interceptor)
Dec 27, 2020 9:36:08 PM org.hibernate.tuple.PojoInstantiator <init>
INFO: HHH000182: No default (no-argument) constructor for class: be.kuleuven.csa.domain.Verkoopt (class must be instantiated by Interceptor)
Dec 27, 2020 9:36:09 PM org.hibernate.engine.transaction.jta.platform.internal.JtaPlatformInitiator initiateService
INFO: HHH000490: Using JtaPlatform implementation: [org.hibernate.engine.transaction.jta.platform.internal.NoJtaPlatform]
Dec 27, 2020 9:36:10 PM org.hibernate.engine.jdbc.connections.internal.DriverManagerConnectionProviderImpl$PoolState stop
INFO: HHH10001008: Cleaning up connection pool [jdbc:sqlite:csa.db]
Dec 27, 2020 9:36:10 PM org.hibernate.jpa.internal.util.LogHelper logPersistenceUnitInformation
INFO: HHH000204: Processing PersistenceUnitInfo [name: be.kuleuven.csa.domain]
Dec 27, 2020 9:36:10 PM org.hibernate.engine.jdbc.connections.internal.DriverManagerConnectionProviderImpl configure
WARN: HHH10001002: Using Hibernate built-in connection pool (not for production use!)
Dec 27, 2020 9:36:10 PM org.hibernate.engine.jdbc.connections.internal.DriverManagerConnectionProviderImpl buildCreator
INFO: HHH10001005: using driver [org.sqlite.JDBC] at URL [jdbc:sqlite:csa.db]
Dec 27, 2020 9:36:10 PM org.hibernate.engine.jdbc.connections.internal.DriverManagerConnectionProviderImpl buildCreator
INFO: HHH10001001: Connection properties: {password=****, autocommit=true, user=}
Dec 27, 2020 9:36:10 PM org.hibernate.engine.jdbc.connections.internal.DriverManagerConnectionProviderImpl buildCreator
INFO: HHH10001003: Autocommit mode: true
Dec 27, 2020 9:36:10 PM org.hibernate.engine.jdbc.connections.internal.DriverManagerConnectionProviderImpl$PooledConnections <init>
INFO: HHH000115: Hibernate connection pool size: 20 (min=1)
Dec 27, 2020 9:36:10 PM org.hibernate.dialect.Dialect <init>
INFO: HHH000400: Using dialect: org.hibernate.dialect.SQLiteDialect
Dec 27, 2020 9:36:10 PM org.hibernate.tuple.PojoInstantiator <init>
INFO: HHH000182: No default (no-argument) constructor for class: be.kuleuven.csa.domain.Bevat (class must be instantiated by Interceptor)
Dec 27, 2020 9:36:10 PM org.hibernate.tuple.PojoInstantiator <init>
INFO: HHH000182: No default (no-argument) constructor for class: be.kuleuven.csa.domain.Pakketbeschrijving (class must be instantiated by Interceptor)
Dec 27, 2020 9:36:10 PM org.hibernate.tuple.PojoInstantiator <init>
INFO: HHH000182: No default (no-argument) constructor for class: be.kuleuven.csa.domain.Koopt (class must be instantiated by Interceptor)
Dec 27, 2020 9:36:10 PM org.hibernate.tuple.PojoInstantiator <init>
INFO: HHH000182: No default (no-argument) constructor for class: be.kuleuven.csa.domain.HaaltAf (class must be instantiated by Interceptor)
Dec 27, 2020 9:36:10 PM org.hibernate.tuple.PojoInstantiator <init>
INFO: HHH000182: No default (no-argument) constructor for class: be.kuleuven.csa.domain.PakketInhoud (class must be instantiated by Interceptor)
Dec 27, 2020 9:36:10 PM org.hibernate.tuple.PojoInstantiator <init>
INFO: HHH000182: No default (no-argument) constructor for class: be.kuleuven.csa.domain.BehoortTot (class must be instantiated by Interceptor)
Dec 27, 2020 9:36:10 PM org.hibernate.tuple.PojoInstantiator <init>
INFO: HHH000182: No default (no-argument) constructor for class: be.kuleuven.csa.domain.Verkoopt (class must be instantiated by Interceptor)
Dec 27, 2020 9:36:10 PM org.hibernate.engine.transaction.jta.platform.internal.JtaPlatformInitiator initiateService
INFO: HHH000490: Using JtaPlatform implementation: [org.hibernate.engine.transaction.jta.platform.internal.NoJtaPlatform]
Dec 27, 2020 9:36:11 PM org.hibernate.engine.jdbc.connections.internal.DriverManagerConnectionProviderImpl$PoolState stop
INFO: HHH10001008: Cleaning up connection pool [jdbc:sqlite:csa.db]
Dec 27, 2020 9:36:11 PM org.hibernate.jpa.internal.util.LogHelper logPersistenceUnitInformation
INFO: HHH000204: Processing PersistenceUnitInfo [name: be.kuleuven.csa.domain]
Dec 27, 2020 9:36:11 PM org.hibernate.engine.jdbc.connections.internal.DriverManagerConnectionProviderImpl configure
WARN: HHH10001002: Using Hibernate built-in connection pool (not for production use!)
Dec 27, 2020 9:36:11 PM org.hibernate.engine.jdbc.connections.internal.DriverManagerConnectionProviderImpl buildCreator
INFO: HHH10001005: using driver [org.sqlite.JDBC] at URL [jdbc:sqlite:csa.db]
Dec 27, 2020 9:36:11 PM org.hibernate.engine.jdbc.connections.internal.DriverManagerConnectionProviderImpl buildCreator
INFO: HHH10001001: Connection properties: {password=****, autocommit=true, user=}
Dec 27, 2020 9:36:11 PM org.hibernate.engine.jdbc.connections.internal.DriverManagerConnectionProviderImpl buildCreator
INFO: HHH10001003: Autocommit mode: true
Dec 27, 2020 9:36:11 PM org.hibernate.engine.jdbc.connections.internal.DriverManagerConnectionProviderImpl$PooledConnections <init>
INFO: HHH000115: Hibernate connection pool size: 20 (min=1)
Dec 27, 2020 9:36:11 PM org.hibernate.dialect.Dialect <init>
INFO: HHH000400: Using dialect: org.hibernate.dialect.SQLiteDialect
Dec 27, 2020 9:36:11 PM org.hibernate.tuple.PojoInstantiator <init>
INFO: HHH000182: No default (no-argument) constructor for class: be.kuleuven.csa.domain.Bevat (class must be instantiated by Interceptor)
Dec 27, 2020 9:36:11 PM org.hibernate.tuple.PojoInstantiator <init>
INFO: HHH000182: No default (no-argument) constructor for class: be.kuleuven.csa.domain.Pakketbeschrijving (class must be instantiated by Interceptor)
Dec 27, 2020 9:36:11 PM org.hibernate.tuple.PojoInstantiator <init>
INFO: HHH000182: No default (no-argument) constructor for class: be.kuleuven.csa.domain.Koopt (class must be instantiated by Interceptor)
Dec 27, 2020 9:36:11 PM org.hibernate.tuple.PojoInstantiator <init>
INFO: HHH000182: No default (no-argument) constructor for class: be.kuleuven.csa.domain.HaaltAf (class must be instantiated by Interceptor)
Dec 27, 2020 9:36:11 PM org.hibernate.tuple.PojoInstantiator <init>
INFO: HHH000182: No default (no-argument) constructor for class: be.kuleuven.csa.domain.PakketInhoud (class must be instantiated by Interceptor)
Dec 27, 2020 9:36:11 PM org.hibernate.tuple.PojoInstantiator <init>
INFO: HHH000182: No default (no-argument) constructor for class: be.kuleuven.csa.domain.BehoortTot (class must be instantiated by Interceptor)
Dec 27, 2020 9:36:11 PM org.hibernate.tuple.PojoInstantiator <init>
INFO: HHH000182: No default (no-argument) constructor for class: be.kuleuven.csa.domain.Verkoopt (class must be instantiated by Interceptor)
Dec 27, 2020 9:36:12 PM org.hibernate.engine.transaction.jta.platform.internal.JtaPlatformInitiator initiateService
INFO: HHH000490: Using JtaPlatform implementation: [org.hibernate.engine.transaction.jta.platform.internal.NoJtaPlatform]
Dec 27, 2020 9:36:13 PM org.hibernate.engine.jdbc.connections.internal.DriverManagerConnectionProviderImpl$PoolState stop
INFO: HHH10001008: Cleaning up connection pool [jdbc:sqlite:csa.db]
Dec 27, 2020 9:36:13 PM org.hibernate.jpa.internal.util.LogHelper logPersistenceUnitInformation
INFO: HHH000204: Processing PersistenceUnitInfo [name: be.kuleuven.csa.domain]
Dec 27, 2020 9:36:13 PM org.hibernate.engine.jdbc.connections.internal.DriverManagerConnectionProviderImpl configure
WARN: HHH10001002: Using Hibernate built-in connection pool (not for production use!)
Dec 27, 2020 9:36:13 PM org.hibernate.engine.jdbc.connections.internal.DriverManagerConnectionProviderImpl buildCreator
INFO: HHH10001005: using driver [org.sqlite.JDBC] at URL [jdbc:sqlite:csa.db]
Dec 27, 2020 9:36:13 PM org.hibernate.engine.jdbc.connections.internal.DriverManagerConnectionProviderImpl buildCreator
INFO: HHH10001001: Connection properties: {password=****, autocommit=true, user=}
Dec 27, 2020 9:36:13 PM org.hibernate.engine.jdbc.connections.internal.DriverManagerConnectionProviderImpl buildCreator
INFO: HHH10001003: Autocommit mode: true
Dec 27, 2020 9:36:13 PM org.hibernate.engine.jdbc.connections.internal.DriverManagerConnectionProviderImpl$PooledConnections <init>
INFO: HHH000115: Hibernate connection pool size: 20 (min=1)
Dec 27, 2020 9:36:13 PM org.hibernate.dialect.Dialect <init>
INFO: HHH000400: Using dialect: org.hibernate.dialect.SQLiteDialect
Dec 27, 2020 9:36:13 PM org.hibernate.tuple.PojoInstantiator <init>
INFO: HHH000182: No default (no-argument) constructor for class: be.kuleuven.csa.domain.Bevat (class must be instantiated by Interceptor)
Dec 27, 2020 9:36:13 PM org.hibernate.tuple.PojoInstantiator <init>
INFO: HHH000182: No default (no-argument) constructor for class: be.kuleuven.csa.domain.Pakketbeschrijving (class must be instantiated by Interceptor)
Dec 27, 2020 9:36:13 PM org.hibernate.tuple.PojoInstantiator <init>
INFO: HHH000182: No default (no-argument) constructor for class: be.kuleuven.csa.domain.Koopt (class must be instantiated by Interceptor)
Dec 27, 2020 9:36:13 PM org.hibernate.tuple.PojoInstantiator <init>
INFO: HHH000182: No default (no-argument) constructor for class: be.kuleuven.csa.domain.HaaltAf (class must be instantiated by Interceptor)
Dec 27, 2020 9:36:13 PM org.hibernate.tuple.PojoInstantiator <init>
INFO: HHH000182: No default (no-argument) constructor for class: be.kuleuven.csa.domain.PakketInhoud (class must be instantiated by Interceptor)
Dec 27, 2020 9:36:13 PM org.hibernate.tuple.PojoInstantiator <init>
INFO: HHH000182: No default (no-argument) constructor for class: be.kuleuven.csa.domain.BehoortTot (class must be instantiated by Interceptor)
Dec 27, 2020 9:36:13 PM org.hibernate.tuple.PojoInstantiator <init>
INFO: HHH000182: No default (no-argument) constructor for class: be.kuleuven.csa.domain.Verkoopt (class must be instantiated by Interceptor)
Dec 27, 2020 9:36:13 PM org.hibernate.engine.transaction.jta.platform.internal.JtaPlatformInitiator initiateService
INFO: HHH000490: Using JtaPlatform implementation: [org.hibernate.engine.transaction.jta.platform.internal.NoJtaPlatform]
Dec 27, 2020 9:36:14 PM org.hibernate.engine.jdbc.connections.internal.DriverManagerConnectionProviderImpl$PoolState stop
INFO: HHH10001008: Cleaning up connection pool [jdbc:sqlite:csa.db]
Dec 27, 2020 9:36:14 PM org.hibernate.jpa.internal.util.LogHelper logPersistenceUnitInformation
INFO: HHH000204: Processing PersistenceUnitInfo [name: be.kuleuven.csa.domain]
Dec 27, 2020 9:36:14 PM org.hibernate.engine.jdbc.connections.internal.DriverManagerConnectionProviderImpl configure
WARN: HHH10001002: Using Hibernate built-in connection pool (not for production use!)
Dec 27, 2020 9:36:14 PM org.hibernate.engine.jdbc.connections.internal.DriverManagerConnectionProviderImpl buildCreator
INFO: HHH10001005: using driver [org.sqlite.JDBC] at URL [jdbc:sqlite:csa.db]
Dec 27, 2020 9:36:14 PM org.hibernate.engine.jdbc.connections.internal.DriverManagerConnectionProviderImpl buildCreator
INFO: HHH10001001: Connection properties: {password=****, autocommit=true, user=}
Dec 27, 2020 9:36:14 PM org.hibernate.engine.jdbc.connections.internal.DriverManagerConnectionProviderImpl buildCreator
INFO: HHH10001003: Autocommit mode: true
Dec 27, 2020 9:36:14 PM org.hibernate.engine.jdbc.connections.internal.DriverManagerConnectionProviderImpl$PooledConnections <init>
INFO: HHH000115: Hibernate connection pool size: 20 (min=1)
Dec 27, 2020 9:36:14 PM org.hibernate.dialect.Dialect <init>
INFO: HHH000400: Using dialect: org.hibernate.dialect.SQLiteDialect
Dec 27, 2020 9:36:14 PM org.hibernate.tuple.PojoInstantiator <init>
INFO: HHH000182: No default (no-argument) constructor for class: be.kuleuven.csa.domain.Bevat (class must be instantiated by Interceptor)
Dec 27, 2020 9:36:14 PM org.hibernate.tuple.PojoInstantiator <init>
INFO: HHH000182: No default (no-argument) constructor for class: be.kuleuven.csa.domain.Pakketbeschrijving (class must be instantiated by Interceptor)
Dec 27, 2020 9:36:14 PM org.hibernate.tuple.PojoInstantiator <init>
INFO: HHH000182: No default (no-argument) constructor for class: be.kuleuven.csa.domain.Koopt (class must be instantiated by Interceptor)
Dec 27, 2020 9:36:14 PM org.hibernate.tuple.PojoInstantiator <init>
INFO: HHH000182: No default (no-argument) constructor for class: be.kuleuven.csa.domain.HaaltAf (class must be instantiated by Interceptor)
Dec 27, 2020 9:36:14 PM org.hibernate.tuple.PojoInstantiator <init>
INFO: HHH000182: No default (no-argument) constructor for class: be.kuleuven.csa.domain.PakketInhoud (class must be instantiated by Interceptor)
Dec 27, 2020 9:36:14 PM org.hibernate.tuple.PojoInstantiator <init>
INFO: HHH000182: No default (no-argument) constructor for class: be.kuleuven.csa.domain.BehoortTot (class must be instantiated by Interceptor)
Dec 27, 2020 9:36:14 PM org.hibernate.tuple.PojoInstantiator <init>
INFO: HHH000182: No default (no-argument) constructor for class: be.kuleuven.csa.domain.Verkoopt (class must be instantiated by Interceptor)
Dec 27, 2020 9:36:15 PM org.hibernate.engine.transaction.jta.platform.internal.JtaPlatformInitiator initiateService
INFO: HHH000490: Using JtaPlatform implementation: [org.hibernate.engine.transaction.jta.platform.internal.NoJtaPlatform]
Dec 27, 2020 9:36:15 PM org.hibernate.engine.jdbc.connections.internal.DriverManagerConnectionProviderImpl$PoolState stop
INFO: HHH10001008: Cleaning up connection pool [jdbc:sqlite:csa.db]
Dec 27, 2020 9:36:15 PM org.hibernate.jpa.internal.util.LogHelper logPersistenceUnitInformation
INFO: HHH000204: Processing PersistenceUnitInfo [name: be.kuleuven.csa.domain]
Dec 27, 2020 9:36:16 PM org.hibernate.engine.jdbc.connections.internal.DriverManagerConnectionProviderImpl configure
WARN: HHH10001002: Using Hibernate built-in connection pool (not for production use!)
Dec 27, 2020 9:36:16 PM org.hibernate.engine.jdbc.connections.internal.DriverManagerConnectionProviderImpl buildCreator
INFO: HHH10001005: using driver [org.sqlite.JDBC] at URL [jdbc:sqlite:csa.db]
Dec 27, 2020 9:36:16 PM org.hibernate.engine.jdbc.connections.internal.DriverManagerConnectionProviderImpl buildCreator
INFO: HHH10001001: Connection properties: {password=****, autocommit=true, user=}
Dec 27, 2020 9:36:16 PM org.hibernate.engine.jdbc.connections.internal.DriverManagerConnectionProviderImpl buildCreator
INFO: HHH10001003: Autocommit mode: true
Dec 27, 2020 9:36:16 PM org.hibernate.engine.jdbc.connections.internal.DriverManagerConnectionProviderImpl$PooledConnections <init>
INFO: HHH000115: Hibernate connection pool size: 20 (min=1)
Dec 27, 2020 9:36:16 PM org.hibernate.dialect.Dialect <init>
INFO: HHH000400: Using dialect: org.hibernate.dialect.SQLiteDialect
Dec 27, 2020 9:36:16 PM org.hibernate.tuple.PojoInstantiator <init>
INFO: HHH000182: No default (no-argument) constructor for class: be.kuleuven.csa.domain.Bevat (class must be instantiated by Interceptor)
Dec 27, 2020 9:36:16 PM org.hibernate.tuple.PojoInstantiator <init>
INFO: HHH000182: No default (no-argument) constructor for class: be.kuleuven.csa.domain.Pakketbeschrijving (class must be instantiated by Interceptor)
Dec 27, 2020 9:36:16 PM org.hibernate.tuple.PojoInstantiator <init>
INFO: HHH000182: No default (no-argument) constructor for class: be.kuleuven.csa.domain.Koopt (class must be instantiated by Interceptor)
Dec 27, 2020 9:36:16 PM org.hibernate.tuple.PojoInstantiator <init>
INFO: HHH000182: No default (no-argument) constructor for class: be.kuleuven.csa.domain.HaaltAf (class must be instantiated by Interceptor)
Dec 27, 2020 9:36:16 PM org.hibernate.tuple.PojoInstantiator <init>
INFO: HHH000182: No default (no-argument) constructor for class: be.kuleuven.csa.domain.PakketInhoud (class must be instantiated by Interceptor)
Dec 27, 2020 9:36:16 PM org.hibernate.tuple.PojoInstantiator <init>
INFO: HHH000182: No default (no-argument) constructor for class: be.kuleuven.csa.domain.BehoortTot (class must be instantiated by Interceptor)
Dec 27, 2020 9:36:16 PM org.hibernate.tuple.PojoInstantiator <init>
INFO: HHH000182: No default (no-argument) constructor for class: be.kuleuven.csa.domain.Verkoopt (class must be instantiated by Interceptor)
Dec 27, 2020 9:36:16 PM org.hibernate.engine.transaction.jta.platform.internal.JtaPlatformInitiator initiateService
INFO: HHH000490: Using JtaPlatform implementation: [org.hibernate.engine.transaction.jta.platform.internal.NoJtaPlatform]
Dec 27, 2020 9:36:17 PM org.hibernate.engine.jdbc.connections.internal.DriverManagerConnectionProviderImpl$PoolState stop
INFO: HHH10001008: Cleaning up connection pool [jdbc:sqlite:csa.db]
Dec 27, 2020 9:36:17 PM org.hibernate.jpa.internal.util.LogHelper logPersistenceUnitInformation
INFO: HHH000204: Processing PersistenceUnitInfo [name: be.kuleuven.csa.domain]
Dec 27, 2020 9:36:17 PM org.hibernate.engine.jdbc.connections.internal.DriverManagerConnectionProviderImpl configure
WARN: HHH10001002: Using Hibernate built-in connection pool (not for production use!)
Dec 27, 2020 9:36:17 PM org.hibernate.engine.jdbc.connections.internal.DriverManagerConnectionProviderImpl buildCreator
INFO: HHH10001005: using driver [org.sqlite.JDBC] at URL [jdbc:sqlite:csa.db]
Dec 27, 2020 9:36:17 PM org.hibernate.engine.jdbc.connections.internal.DriverManagerConnectionProviderImpl buildCreator
INFO: HHH10001001: Connection properties: {password=****, autocommit=true, user=}
Dec 27, 2020 9:36:17 PM org.hibernate.engine.jdbc.connections.internal.DriverManagerConnectionProviderImpl buildCreator
INFO: HHH10001003: Autocommit mode: true
Dec 27, 2020 9:36:17 PM org.hibernate.engine.jdbc.connections.internal.DriverManagerConnectionProviderImpl$PooledConnections <init>
INFO: HHH000115: Hibernate connection pool size: 20 (min=1)
Dec 27, 2020 9:36:17 PM org.hibernate.dialect.Dialect <init>
INFO: HHH000400: Using dialect: org.hibernate.dialect.SQLiteDialect
Dec 27, 2020 9:36:17 PM org.hibernate.tuple.PojoInstantiator <init>
INFO: HHH000182: No default (no-argument) constructor for class: be.kuleuven.csa.domain.Bevat (class must be instantiated by Interceptor)
Dec 27, 2020 9:36:17 PM org.hibernate.tuple.PojoInstantiator <init>
INFO: HHH000182: No default (no-argument) constructor for class: be.kuleuven.csa.domain.Pakketbeschrijving (class must be instantiated by Interceptor)
Dec 27, 2020 9:36:17 PM org.hibernate.tuple.PojoInstantiator <init>
INFO: HHH000182: No default (no-argument) constructor for class: be.kuleuven.csa.domain.Koopt (class must be instantiated by Interceptor)
Dec 27, 2020 9:36:17 PM org.hibernate.tuple.PojoInstantiator <init>
INFO: HHH000182: No default (no-argument) constructor for class: be.kuleuven.csa.domain.HaaltAf (class must be instantiated by Interceptor)
Dec 27, 2020 9:36:17 PM org.hibernate.tuple.PojoInstantiator <init>
INFO: HHH000182: No default (no-argument) constructor for class: be.kuleuven.csa.domain.PakketInhoud (class must be instantiated by Interceptor)
Dec 27, 2020 9:36:17 PM org.hibernate.tuple.PojoInstantiator <init>
INFO: HHH000182: No default (no-argument) constructor for class: be.kuleuven.csa.domain.BehoortTot (class must be instantiated by Interceptor)
Dec 27, 2020 9:36:17 PM org.hibernate.tuple.PojoInstantiator <init>
INFO: HHH000182: No default (no-argument) constructor for class: be.kuleuven.csa.domain.Verkoopt (class must be instantiated by Interceptor)
Dec 27, 2020 9:36:17 PM org.hibernate.engine.transaction.jta.platform.internal.JtaPlatformInitiator initiateService
INFO: HHH000490: Using JtaPlatform implementation: [org.hibernate.engine.transaction.jta.platform.internal.NoJtaPlatform]
Dec 27, 2020 9:36:18 PM org.hibernate.engine.jdbc.connections.internal.DriverManagerConnectionProviderImpl$PoolState stop
INFO: HHH10001008: Cleaning up connection pool [jdbc:sqlite:csa.db]
Dec 27, 2020 9:36:18 PM org.hibernate.jpa.internal.util.LogHelper logPersistenceUnitInformation
INFO: HHH000204: Processing PersistenceUnitInfo [name: be.kuleuven.csa.domain]
Dec 27, 2020 9:36:18 PM org.hibernate.engine.jdbc.connections.internal.DriverManagerConnectionProviderImpl configure
WARN: HHH10001002: Using Hibernate built-in connection pool (not for production use!)
Dec 27, 2020 9:36:18 PM org.hibernate.engine.jdbc.connections.internal.DriverManagerConnectionProviderImpl buildCreator
INFO: HHH10001005: using driver [org.sqlite.JDBC] at URL [jdbc:sqlite:csa.db]
Dec 27, 2020 9:36:18 PM org.hibernate.engine.jdbc.connections.internal.DriverManagerConnectionProviderImpl buildCreator
INFO: HHH10001001: Connection properties: {password=****, autocommit=true, user=}
Dec 27, 2020 9:36:18 PM org.hibernate.engine.jdbc.connections.internal.DriverManagerConnectionProviderImpl buildCreator
INFO: HHH10001003: Autocommit mode: true
Dec 27, 2020 9:36:18 PM org.hibernate.engine.jdbc.connections.internal.DriverManagerConnectionProviderImpl$PooledConnections <init>
INFO: HHH000115: Hibernate connection pool size: 20 (min=1)
Dec 27, 2020 9:36:18 PM org.hibernate.dialect.Dialect <init>
INFO: HHH000400: Using dialect: org.hibernate.dialect.SQLiteDialect
Dec 27, 2020 9:36:18 PM org.hibernate.tuple.PojoInstantiator <init>
INFO: HHH000182: No default (no-argument) constructor for class: be.kuleuven.csa.domain.Bevat (class must be instantiated by Interceptor)
Dec 27, 2020 9:36:18 PM org.hibernate.tuple.PojoInstantiator <init>
INFO: HHH000182: No default (no-argument) constructor for class: be.kuleuven.csa.domain.Pakketbeschrijving (class must be instantiated by Interceptor)
Dec 27, 2020 9:36:18 PM org.hibernate.tuple.PojoInstantiator <init>
INFO: HHH000182: No default (no-argument) constructor for class: be.kuleuven.csa.domain.Koopt (class must be instantiated by Interceptor)
Dec 27, 2020 9:36:18 PM org.hibernate.tuple.PojoInstantiator <init>
INFO: HHH000182: No default (no-argument) constructor for class: be.kuleuven.csa.domain.HaaltAf (class must be instantiated by Interceptor)
Dec 27, 2020 9:36:18 PM org.hibernate.tuple.PojoInstantiator <init>
INFO: HHH000182: No default (no-argument) constructor for class: be.kuleuven.csa.domain.PakketInhoud (class must be instantiated by Interceptor)
Dec 27, 2020 9:36:18 PM org.hibernate.tuple.PojoInstantiator <init>
INFO: HHH000182: No default (no-argument) constructor for class: be.kuleuven.csa.domain.BehoortTot (class must be instantiated by Interceptor)
Dec 27, 2020 9:36:18 PM org.hibernate.tuple.PojoInstantiator <init>
INFO: HHH000182: No default (no-argument) constructor for class: be.kuleuven.csa.domain.Verkoopt (class must be instantiated by Interceptor)
Dec 27, 2020 9:36:18 PM org.hibernate.engine.transaction.jta.platform.internal.JtaPlatformInitiator initiateService
INFO: HHH000490: Using JtaPlatform implementation: [org.hibernate.engine.transaction.jta.platform.internal.NoJtaPlatform]
Dec 27, 2020 9:36:19 PM org.hibernate.engine.jdbc.connections.internal.DriverManagerConnectionProviderImpl$PoolState stop
INFO: HHH10001008: Cleaning up connection pool [jdbc:sqlite:csa.db]
]]></system-err>
</testsuite>
